<?xml version="1.0" encoding="UTF-8"?>
<testng-results ignored="0" total="1" passed="1" failed="0" skipped="0">
  <reporter-output>
  </reporter-output>
  <suite started-at="2023-03-06T23:12:04 EST" name="Andromeda" finished-at="2023-03-06T23:12:18 EST" duration-ms="14034">
    <groups>
    </groups>
    <test started-at="2023-03-06T23:12:04 EST" name="Banking Test" finished-at="2023-03-06T23:12:18 EST" duration-ms="14034">
      <class name="com.qa.testCases.TestBanking">
        <test-method is-config="true" signature="setupSuite()[pri:0, instance:com.qa.testCases.TestBanking@799f10e1]" started-at="2023-03-06T23:12:03 EST" name="setupSuite" finished-at="2023-03-06T23:12:04 EST" duration-ms="493" status="PASS">
          <reporter-output>
          </reporter-output>
        </test-method> <!-- setupSuite -->
        <test-method is-config="true" signature="setUp()[pri:0, instance:com.qa.testCases.TestBanking@799f10e1]" started-at="2023-03-06T23:12:04 EST" name="setUp" finished-at="2023-03-06T23:12:06 EST" duration-ms="2529" status="PASS">
          <reporter-output>
          </reporter-output>
        </test-method> <!-- setUp -->
        <test-method signature="openBankSite()[pri:1, instance:com.qa.testCases.TestBanking@799f10e1]" started-at="2023-03-06T23:12:06 EST" name="openBankSite" finished-at="2023-03-06T23:12:07 EST" duration-ms="930" status="PASS">
          <reporter-output>
          </reporter-output>
        </test-method> <!-- openBankSite -->
        <test-method is-config="true" signature="tearDownMethod()[pri:0, instance:com.qa.testCases.TestBanking@799f10e1]" started-at="2023-03-06T23:12:07 EST" name="tearDownMethod" finished-at="2023-03-06T23:12:08 EST" duration-ms="194" status="PASS">
          <reporter-output>
          </reporter-output>
        </test-method> <!-- tearDownMethod -->
        <test-method is-config="true" signature="tearDown()[pri:0, instance:com.qa.testCases.TestBanking@799f10e1]" started-at="2023-03-06T23:12:08 EST" name="tearDown" finished-at="2023-03-06T23:12:18 EST" duration-ms="10361" status="PASS">
          <reporter-output>
          </reporter-output>
        </test-method> <!-- tearDown -->
      </class> <!-- com.qa.testCases.TestBanking -->
    </test> <!-- Banking Test -->
  </suite> <!-- Andromeda -->
</testng-results>
